<?xml version="1.0" encoding="UTF-8"?>
<robot generator="Robot 5.0.1 (Python 3.8.3 on win32)" generated="20221021 17:12:32.870" rpa="false" schemaversion="3">
<suite id="s1" name="Test login page" source="C:\Users\hemin.patel\PycharmProjects\SMVS_Global\TestCases\Test_login_page.robot">
<test id="s1-t1" name="Verify SMVS_Global_page open successfully" line="13">
<kw name="Open SMVS Global URL" library="Generic">
<kw name="Create Webdriver" library="SeleniumLibrary">
<arg>Chrome</arg>
<arg>executable_path=C:/Users/hemin.patel/Downloads/chromedriver_win32/chromedriver.exe</arg>
<doc>Creates an instance of Selenium WebDriver.</doc>
<msg timestamp="20221021 17:12:33.230" level="INFO">Creating an instance of the Chrome WebDriver.</msg>
<status status="PASS" starttime="20221021 17:12:33.230" endtime="20221021 17:12:36.620"/>
</kw>
<kw name="Go To" library="SeleniumLibrary">
<arg>${Global_URL}</arg>
<doc>Navigates the current browser window to the provided ``url``.</doc>
<msg timestamp="20221021 17:12:36.620" level="INFO">Opening url 'https://smvsweb.azurewebsites.net/UAT'</msg>
<status status="PASS" starttime="20221021 17:12:36.620" endtime="20221021 17:12:41.533"/>
</kw>
<kw name="Maximize Browser Window" library="SeleniumLibrary">
<doc>Maximizes current browser window.</doc>
<status status="PASS" starttime="20221021 17:12:41.533" endtime="20221021 17:12:41.652"/>
</kw>
<status status="PASS" starttime="20221021 17:12:33.230" endtime="20221021 17:12:41.652"/>
</kw>
<kw name="Enter Credentials for Username and Password" library="login_page">
<kw name="Element Should Be Visible" library="SeleniumLibrary">
<arg>${Username_field}</arg>
<doc>Verifies that the element identified by ``locator`` is visible.</doc>
<msg timestamp="20221021 17:12:41.706" level="INFO">Element 'xpath://input[@placeholder="User Name"]' is displayed.</msg>
<status status="PASS" starttime="20221021 17:12:41.652" endtime="20221021 17:12:41.706"/>
</kw>
<kw name="Element Should Be Enabled" library="SeleniumLibrary">
<arg>${Username_field}</arg>
<doc>Verifies that element identified by ``locator`` is enabled.</doc>
<status status="PASS" starttime="20221021 17:12:41.706" endtime="20221021 17:12:41.767"/>
</kw>
<kw name="Input Text" library="SeleniumLibrary">
<arg>${Username_field}</arg>
<arg>${Username}</arg>
<doc>Types the given ``text`` into the text field identified by ``locator``.</doc>
<msg timestamp="20221021 17:12:41.767" level="INFO">Typing text 'kjmaniyar' into text field 'xpath://input[@placeholder="User Name"]'.</msg>
<status status="PASS" starttime="20221021 17:12:41.767" endtime="20221021 17:12:41.936"/>
</kw>
<kw name="Element Should Be Visible" library="SeleniumLibrary">
<arg>${Password_field}</arg>
<doc>Verifies that the element identified by ``locator`` is visible.</doc>
<msg timestamp="20221021 17:12:41.975" level="INFO">Element 'xpath://input[@placeholder="Password"]' is displayed.</msg>
<status status="PASS" starttime="20221021 17:12:41.938" endtime="20221021 17:12:41.975"/>
</kw>
<kw name="Element Should Be Enabled" library="SeleniumLibrary">
<arg>${Password_field}</arg>
<doc>Verifies that element identified by ``locator`` is enabled.</doc>
<status status="PASS" starttime="20221021 17:12:41.975" endtime="20221021 17:12:42.023"/>
</kw>
<kw name="Input Text" library="SeleniumLibrary">
<arg>${Password_field}</arg>
<arg>${Password}</arg>
<doc>Types the given ``text`` into the text field identified by ``locator``.</doc>
<msg timestamp="20221021 17:12:42.023" level="INFO">Typing text 'KMGlobal1$' into text field 'xpath://input[@placeholder="Password"]'.</msg>
<status status="PASS" starttime="20221021 17:12:42.023" endtime="20221021 17:12:42.151"/>
</kw>
<status status="PASS" starttime="20221021 17:12:41.652" endtime="20221021 17:12:42.151"/>
</kw>
<kw name="Click on Sign-in Button" library="login_page">
<kw name="Click Element" library="SeleniumLibrary">
<arg>${Login_Button}</arg>
<doc>Click the element identified by ``locator``.</doc>
<msg timestamp="20221021 17:12:42.152" level="INFO">Clicking element 'xpath://button[@class='btn btn-primary full-width']'.</msg>
<status status="PASS" starttime="20221021 17:12:42.152" endtime="20221021 17:12:42.208"/>
</kw>
<status status="PASS" starttime="20221021 17:12:42.152" endtime="20221021 17:12:42.208"/>
</kw>
<kw name="Close Browser Session" library="Generic">
<kw name="Close Browser" library="SeleniumLibrary">
<doc>Closes the current browser.</doc>
<status status="PASS" starttime="20221021 17:12:42.208" endtime="20221021 17:12:45.948"/>
</kw>
<status status="PASS" starttime="20221021 17:12:42.208" endtime="20221021 17:12:45.948"/>
</kw>
<status status="PASS" starttime="20221021 17:12:33.230" endtime="20221021 17:12:45.948"/>
</test>
<doc>Login Functionality</doc>
<status status="PASS" starttime="20221021 17:12:32.889" endtime="20221021 17:12:45.948"/>
</suite>
<statistics>
<total>
<stat pass="1" fail="0" skip="0">All Tests</stat>
</total>
<tag>
</tag>
<suite>
<stat pass="1" fail="0" skip="0" id="s1" name="Test login page">Test login page</stat>
</suite>
</statistics>
<errors>
</errors>
</robot>
