<?xml version="1.0" encoding="UTF-8"?>
<robot generator="Robot 5.0.1 (Python 3.8.3 on win32)" generated="20221021 17:16:55.949" rpa="false" schemaversion="3">
<suite id="s1" name="Test login page" source="C:\Users\hemin.patel\PycharmProjects\SMVS_Global\TestCases\Test_login_page.robot">
<test id="s1-t1" name="Verify SMVS_Global_page open successfully" line="13">
<kw name="Open SMVS Global URL" library="Generic">
<kw name="Create Webdriver" library="SeleniumLibrary">
<arg>Chrome</arg>
<arg>executable_path=C:/Users/hemin.patel/Downloads/chromedriver_win32/chromedriver.exe</arg>
<doc>Creates an instance of Selenium WebDriver.</doc>
<msg timestamp="20221021 17:16:56.342" level="INFO">Creating an instance of the Chrome WebDriver.</msg>
<status status="PASS" starttime="20221021 17:16:56.341" endtime="20221021 17:16:59.647"/>
</kw>
<kw name="Go To" library="SeleniumLibrary">
<arg>${Global_URL}</arg>
<doc>Navigates the current browser window to the provided ``url``.</doc>
<msg timestamp="20221021 17:16:59.649" level="INFO">Opening url 'https://smvsweb.azurewebsites.net/UAT'</msg>
<status status="PASS" starttime="20221021 17:16:59.648" endtime="20221021 17:17:08.738"/>
</kw>
<kw name="Maximize Browser Window" library="SeleniumLibrary">
<doc>Maximizes current browser window.</doc>
<status status="PASS" starttime="20221021 17:17:08.738" endtime="20221021 17:17:08.861"/>
</kw>
<status status="PASS" starttime="20221021 17:16:56.341" endtime="20221021 17:17:08.861"/>
</kw>
<kw name="Enter Credentials for Username and Password" library="login_page">
<kw name="Element Should Be Visible" library="SeleniumLibrary">
<arg>${Username_field}</arg>
<doc>Verifies that the element identified by ``locator`` is visible.</doc>
<msg timestamp="20221021 17:17:08.922" level="INFO">Element 'xpath://input[@placeholder="User Name"]' is displayed.</msg>
<status status="PASS" starttime="20221021 17:17:08.861" endtime="20221021 17:17:08.922"/>
</kw>
<kw name="Element Should Be Enabled" library="SeleniumLibrary">
<arg>${Username_field}</arg>
<doc>Verifies that element identified by ``locator`` is enabled.</doc>
<status status="PASS" starttime="20221021 17:17:08.922" endtime="20221021 17:17:08.956"/>
</kw>
<kw name="Input Text" library="SeleniumLibrary">
<arg>${Username_field}</arg>
<arg>${Username}</arg>
<doc>Types the given ``text`` into the text field identified by ``locator``.</doc>
<msg timestamp="20221021 17:17:08.956" level="INFO">Typing text 'kjmaniyar' into text field 'xpath://input[@placeholder="User Name"]'.</msg>
<status status="PASS" starttime="20221021 17:17:08.956" endtime="20221021 17:17:09.113"/>
</kw>
<kw name="Element Should Be Visible" library="SeleniumLibrary">
<arg>${Password_field}</arg>
<doc>Verifies that the element identified by ``locator`` is visible.</doc>
<msg timestamp="20221021 17:17:09.145" level="INFO">Element 'xpath://input[@placeholder="Password"]' is displayed.</msg>
<status status="PASS" starttime="20221021 17:17:09.113" endtime="20221021 17:17:09.145"/>
</kw>
<kw name="Element Should Be Enabled" library="SeleniumLibrary">
<arg>${Password_field}</arg>
<doc>Verifies that element identified by ``locator`` is enabled.</doc>
<status status="PASS" starttime="20221021 17:17:09.145" endtime="20221021 17:17:09.181"/>
</kw>
<kw name="Input Text" library="SeleniumLibrary">
<arg>${Password_field}</arg>
<arg>${Password}</arg>
<doc>Types the given ``text`` into the text field identified by ``locator``.</doc>
<msg timestamp="20221021 17:17:09.181" level="INFO">Typing text 'KMGlobal1$' into text field 'xpath://input[@placeholder="Password"]'.</msg>
<status status="PASS" starttime="20221021 17:17:09.181" endtime="20221021 17:17:09.316"/>
</kw>
<status status="PASS" starttime="20221021 17:17:08.861" endtime="20221021 17:17:09.316"/>
</kw>
<kw name="Click on Sign-in Button" library="login_page">
<kw name="Click Element" library="SeleniumLibrary">
<arg>${Login_Button}</arg>
<doc>Click the element identified by ``locator``.</doc>
<msg timestamp="20221021 17:17:09.316" level="INFO">Clicking element 'xpath://button[@class='btn btn-primary full-width']'.</msg>
<status status="PASS" starttime="20221021 17:17:09.316" endtime="20221021 17:17:09.368"/>
</kw>
<status status="PASS" starttime="20221021 17:17:09.316" endtime="20221021 17:17:09.368"/>
</kw>
<kw name="Close Browser Session" library="Generic">
<kw name="Close Browser" library="SeleniumLibrary">
<doc>Closes the current browser.</doc>
<status status="PASS" starttime="20221021 17:17:09.368" endtime="20221021 17:17:13.142"/>
</kw>
<status status="PASS" starttime="20221021 17:17:09.368" endtime="20221021 17:17:13.142"/>
</kw>
<status status="PASS" starttime="20221021 17:16:56.341" endtime="20221021 17:17:13.142"/>
</test>
<doc>Login Functionality</doc>
<status status="PASS" starttime="20221021 17:16:55.977" endtime="20221021 17:17:13.142"/>
</suite>
<statistics>
<total>
<stat pass="1" fail="0" skip="0">All Tests</stat>
</total>
<tag>
</tag>
<suite>
<stat pass="1" fail="0" skip="0" id="s1" name="Test login page">Test login page</stat>
</suite>
</statistics>
<errors>
</errors>
</robot>
