<?xml version="1.0" encoding="UTF-8"?>
<robot generator="Robot 5.0.1 (Python 3.7.5 on linux)" generated="20221102 17:50:03.369" rpa="false" schemaversion="3">
<suite id="s1" name="Test Login Page TCs" source="/home/hemin/PycharmProjects/SMVS_Global/TestCases/Test_Login_Page_TCs.robot">
<test id="s1-t1" name="Verify SMVS_Global_page open successfully" line="13">
<kw name="Open SMVS Global URL - Linux" library="Generic">
<kw name="Open Browser" library="SeleniumLibrary">
<arg>${Global_URL}</arg>
<arg>${Browser}</arg>
<doc>Opens a new browser instance to the optional ``url``.</doc>
<msg timestamp="20221102 17:50:03.700" level="INFO">Opening browser 'chrome' to base url 'https://smvsweb.azurewebsites.net/UAT'.</msg>
<status status="PASS" starttime="20221102 17:50:03.699" endtime="20221102 17:50:10.607"/>
</kw>
<kw name="Maximize Browser Window" library="SeleniumLibrary">
<doc>Maximizes current browser window.</doc>
<status status="PASS" starttime="20221102 17:50:10.608" endtime="20221102 17:50:11.034"/>
</kw>
<status status="PASS" starttime="20221102 17:50:03.699" endtime="20221102 17:50:11.034"/>
</kw>
<kw name="Enter Credentials for Username and Password" library="login_page">
<kw name="Element Should Be Visible" library="SeleniumLibrary">
<arg>${Username_field}</arg>
<doc>Verifies that the element identified by ``locator`` is visible.</doc>
<msg timestamp="20221102 17:50:11.175" level="INFO">Element 'xpath://input[@placeholder="User Name"]' is displayed.</msg>
<status status="PASS" starttime="20221102 17:50:11.035" endtime="20221102 17:50:11.175"/>
</kw>
<kw name="Element Should Be Enabled" library="SeleniumLibrary">
<arg>${Username_field}</arg>
<doc>Verifies that element identified by ``locator`` is enabled.</doc>
<status status="PASS" starttime="20221102 17:50:11.175" endtime="20221102 17:50:11.410"/>
</kw>
<kw name="Input Text" library="SeleniumLibrary">
<arg>${Username_field}</arg>
<arg>${Username}</arg>
<doc>Types the given ``text`` into the text field identified by ``locator``.</doc>
<msg timestamp="20221102 17:50:11.411" level="INFO">Typing text 'kjmaniyar' into text field 'xpath://input[@placeholder="User Name"]'.</msg>
<status status="PASS" starttime="20221102 17:50:11.410" endtime="20221102 17:50:11.568"/>
</kw>
<kw name="Element Should Be Visible" library="SeleniumLibrary">
<arg>${Password_field}</arg>
<doc>Verifies that the element identified by ``locator`` is visible.</doc>
<msg timestamp="20221102 17:50:11.593" level="INFO">Element 'xpath://input[@placeholder="Password"]' is displayed.</msg>
<status status="PASS" starttime="20221102 17:50:11.568" endtime="20221102 17:50:11.593"/>
</kw>
<kw name="Element Should Be Enabled" library="SeleniumLibrary">
<arg>${Password_field}</arg>
<doc>Verifies that element identified by ``locator`` is enabled.</doc>
<status status="PASS" starttime="20221102 17:50:11.593" endtime="20221102 17:50:11.618"/>
</kw>
<kw name="Input Text" library="SeleniumLibrary">
<arg>${Password_field}</arg>
<arg>${Password}</arg>
<doc>Types the given ``text`` into the text field identified by ``locator``.</doc>
<msg timestamp="20221102 17:50:11.619" level="INFO">Typing text 'KMGlobal1$' into text field 'xpath://input[@placeholder="Password"]'.</msg>
<status status="PASS" starttime="20221102 17:50:11.619" endtime="20221102 17:50:11.718"/>
</kw>
<status status="PASS" starttime="20221102 17:50:11.035" endtime="20221102 17:50:11.719"/>
</kw>
<kw name="Click on Sign-in Button" library="login_page">
<kw name="Click Element" library="SeleniumLibrary">
<arg>${Login_Button}</arg>
<doc>Click the element identified by ``locator``.</doc>
<msg timestamp="20221102 17:50:11.722" level="INFO">Clicking element 'xpath://button[@class='btn btn-primary full-width']'.</msg>
<status status="PASS" starttime="20221102 17:50:11.721" endtime="20221102 17:50:11.797"/>
</kw>
<status status="PASS" starttime="20221102 17:50:11.719" endtime="20221102 17:50:11.798"/>
</kw>
<kw name="Close Browser Session" library="Generic">
<kw name="Close Browser" library="SeleniumLibrary">
<doc>Closes the current browser.</doc>
<status status="PASS" starttime="20221102 17:50:11.798" endtime="20221102 17:50:12.130"/>
</kw>
<status status="PASS" starttime="20221102 17:50:11.798" endtime="20221102 17:50:12.130"/>
</kw>
<doc>TC-1:- Validate login functionality</doc>
<tag>Sanity</tag>
<status status="PASS" starttime="20221102 17:50:03.693" endtime="20221102 17:50:12.131"/>
</test>
<doc>Login Functionality</doc>
<status status="PASS" starttime="20221102 17:50:03.414" endtime="20221102 17:50:12.141"/>
</suite>
<statistics>
<total>
<stat pass="1" fail="0" skip="0">All Tests</stat>
</total>
<tag>
<stat pass="1" fail="0" skip="0">Sanity</stat>
</tag>
<suite>
<stat pass="1" fail="0" skip="0" id="s1" name="Test Login Page TCs">Test Login Page TCs</stat>
</suite>
</statistics>
<errors>
</errors>
</robot>
