<?xml version="1.0" encoding="UTF-8"?>
<robot generator="Robot 5.0.1 (Python 3.7.5 on linux)" generated="20221103 12:01:28.715" rpa="false" schemaversion="3">
<suite id="s1" name="Login Page Testcase" source="/home/hemin/PycharmProjects/SMVS_Global/TestCases/Login_Page_Testcase.robot">
<test id="s1-t1" name="Verify SMVS_Global_page open successfully" line="19">
<kw name="Open SMVS Global URL - Linux" library="Generic">
<kw name="Open Browser" library="SeleniumLibrary">
<arg>${Global_URL}</arg>
<arg>${Browser}</arg>
<doc>Opens a new browser instance to the optional ``url``.</doc>
<msg timestamp="20221103 12:01:29.291" level="INFO">Opening browser 'chrome' to base url 'https://smvsweb.azurewebsites.net/UAT'.</msg>
<status status="PASS" starttime="20221103 12:01:29.289" endtime="20221103 12:01:40.829"/>
</kw>
<kw name="Maximize Browser Window" library="SeleniumLibrary">
<doc>Maximizes current browser window.</doc>
<status status="PASS" starttime="20221103 12:01:40.830" endtime="20221103 12:01:40.944"/>
</kw>
<status status="PASS" starttime="20221103 12:01:29.287" endtime="20221103 12:01:40.945"/>
</kw>
<kw name="Enter Credentials for Username and Password" library="login_page">
<kw name="Element Should Be Visible" library="SeleniumLibrary">
<arg>${Username_field}</arg>
<doc>Verifies that the element identified by ``locator`` is visible.</doc>
<msg timestamp="20221103 12:01:40.996" level="INFO">Element 'xpath://input[@placeholder="User Name"]' is displayed.</msg>
<status status="PASS" starttime="20221103 12:01:40.946" endtime="20221103 12:01:40.996"/>
</kw>
<kw name="Element Should Be Enabled" library="SeleniumLibrary">
<arg>${Username_field}</arg>
<doc>Verifies that element identified by ``locator`` is enabled.</doc>
<status status="PASS" starttime="20221103 12:01:40.996" endtime="20221103 12:01:41.041"/>
</kw>
<kw name="Input Text" library="SeleniumLibrary">
<arg>${Username_field}</arg>
<arg>${Username}</arg>
<doc>Types the given ``text`` into the text field identified by ``locator``.</doc>
<msg timestamp="20221103 12:01:41.042" level="INFO">Typing text 'kjmaniyar' into text field 'xpath://input[@placeholder="User Name"]'.</msg>
<status status="PASS" starttime="20221103 12:01:41.042" endtime="20221103 12:01:41.195"/>
</kw>
<kw name="Element Should Be Visible" library="SeleniumLibrary">
<arg>${Password_field}</arg>
<doc>Verifies that the element identified by ``locator`` is visible.</doc>
<msg timestamp="20221103 12:01:41.227" level="INFO">Element 'xpath://input[@placeholder="Password"]' is displayed.</msg>
<status status="PASS" starttime="20221103 12:01:41.196" endtime="20221103 12:01:41.227"/>
</kw>
<kw name="Element Should Be Enabled" library="SeleniumLibrary">
<arg>${Password_field}</arg>
<doc>Verifies that element identified by ``locator`` is enabled.</doc>
<status status="PASS" starttime="20221103 12:01:41.227" endtime="20221103 12:01:41.268"/>
</kw>
<kw name="Input Text" library="SeleniumLibrary">
<arg>${Password_field}</arg>
<arg>${Password}</arg>
<doc>Types the given ``text`` into the text field identified by ``locator``.</doc>
<msg timestamp="20221103 12:01:41.268" level="INFO">Typing text 'KMGlobal1$' into text field 'xpath://input[@placeholder="Password"]'.</msg>
<status status="PASS" starttime="20221103 12:01:41.268" endtime="20221103 12:01:41.396"/>
</kw>
<status status="PASS" starttime="20221103 12:01:40.945" endtime="20221103 12:01:41.396"/>
</kw>
<kw name="Click on Sign-in Button" library="login_page">
<kw name="Click Element" library="SeleniumLibrary">
<arg>${Login_Button}</arg>
<doc>Click the element identified by ``locator``.</doc>
<msg timestamp="20221103 12:01:41.398" level="INFO">Clicking element 'xpath://button[@class='btn btn-primary full-width']'.</msg>
<status status="PASS" starttime="20221103 12:01:41.398" endtime="20221103 12:01:41.473"/>
</kw>
<status status="PASS" starttime="20221103 12:01:41.397" endtime="20221103 12:01:41.473"/>
</kw>
<kw name="Role Selection Page should be Open after logging" library="login_page">
<kw name="Wait Until Element Is Visible" library="SeleniumLibrary">
<arg>${Role_Selection_text}</arg>
<doc>Waits until the element ``locator`` is visible.</doc>
<status status="PASS" starttime="20221103 12:01:41.474" endtime="20221103 12:01:43.254"/>
</kw>
<status status="PASS" starttime="20221103 12:01:41.473" endtime="20221103 12:01:43.254"/>
</kw>
<kw name="Close Browser Session" library="Generic">
<kw name="Close Browser" library="SeleniumLibrary">
<doc>Closes the current browser.</doc>
<status status="PASS" starttime="20221103 12:01:43.255" endtime="20221103 12:01:43.333"/>
</kw>
<status status="PASS" starttime="20221103 12:01:43.255" endtime="20221103 12:01:43.333"/>
</kw>
<doc>TC-1:- Validate login functionality</doc>
<tag>Sanity</tag>
<status status="PASS" starttime="20221103 12:01:29.284" endtime="20221103 12:01:43.333"/>
</test>
<doc>Login Functionality</doc>
<status status="PASS" starttime="20221103 12:01:28.717" endtime="20221103 12:01:43.335"/>
</suite>
<statistics>
<total>
<stat pass="1" fail="0" skip="0">All Tests</stat>
</total>
<tag>
<stat pass="1" fail="0" skip="0">Sanity</stat>
</tag>
<suite>
<stat pass="1" fail="0" skip="0" id="s1" name="Login Page Testcase">Login Page Testcase</stat>
</suite>
</statistics>
<errors>
</errors>
</robot>
