<?xml version="1.0" encoding="UTF-8"?>
<robot generator="Robot 5.0.1 (Python 3.7.5 on linux)" generated="20221121 12:28:21.951" rpa="false" schemaversion="3">
<suite id="s1" name="Login Page Testcase" source="/home/hemin/PycharmProjects/SMVS_Global/TestCases/Login_Page_Testcase.robot">
<test id="s1-t1" name="Verify Username Error Message" line="20">
<kw name="Open SMVS Global URL - Linux" library="General">
<kw name="Open Browser" library="SeleniumLibrary">
<arg>${Global_URL}</arg>
<arg>${Browser}</arg>
<doc>Opens a new browser instance to the optional ``url``.</doc>
<msg timestamp="20221121 12:28:22.091" level="INFO">Opening browser 'chrome' to base url 'https://smvsweb.azurewebsites.net/UAT'.</msg>
<status status="PASS" starttime="20221121 12:28:22.090" endtime="20221121 12:28:40.922"/>
</kw>
<status status="PASS" starttime="20221121 12:28:22.090" endtime="20221121 12:28:40.923"/>
</kw>
<kw name="Enter Credentials for Username and Password" library="login_page">
<kw name="Element Should Be Visible" library="SeleniumLibrary">
<arg>${Username_field}</arg>
<doc>Verifies that the element identified by ``locator`` is visible.</doc>
<msg timestamp="20221121 12:28:40.963" level="INFO">Element 'xpath://input[@placeholder="User Name"]' is displayed.</msg>
<status status="PASS" starttime="20221121 12:28:40.923" endtime="20221121 12:28:40.963"/>
</kw>
<kw name="Element Should Be Enabled" library="SeleniumLibrary">
<arg>${Username_field}</arg>
<doc>Verifies that element identified by ``locator`` is enabled.</doc>
<status status="PASS" starttime="20221121 12:28:40.964" endtime="20221121 12:28:40.988"/>
</kw>
<kw name="Input Text" library="SeleniumLibrary">
<arg>${Username_field}</arg>
<arg>${Username}</arg>
<doc>Types the given ``text`` into the text field identified by ``locator``.</doc>
<msg timestamp="20221121 12:28:40.988" level="INFO">Typing text 'kjmaniyar' into text field 'xpath://input[@placeholder="User Name"]'.</msg>
<status status="PASS" starttime="20221121 12:28:40.988" endtime="20221121 12:28:41.086"/>
</kw>
<kw name="Element Should Be Visible" library="SeleniumLibrary">
<arg>${Password_field}</arg>
<doc>Verifies that the element identified by ``locator`` is visible.</doc>
<msg timestamp="20221121 12:28:41.109" level="INFO">Element 'xpath://input[@placeholder="Password"]' is displayed.</msg>
<status status="PASS" starttime="20221121 12:28:41.086" endtime="20221121 12:28:41.109"/>
</kw>
<kw name="Element Should Be Enabled" library="SeleniumLibrary">
<arg>${Password_field}</arg>
<doc>Verifies that element identified by ``locator`` is enabled.</doc>
<status status="PASS" starttime="20221121 12:28:41.109" endtime="20221121 12:28:41.132"/>
</kw>
<kw name="Input Text" library="SeleniumLibrary">
<arg>${Password_field}</arg>
<arg>${Password}</arg>
<doc>Types the given ``text`` into the text field identified by ``locator``.</doc>
<msg timestamp="20221121 12:28:41.133" level="INFO">Typing text 'KMGlobal1$' into text field 'xpath://input[@placeholder="Password"]'.</msg>
<status status="PASS" starttime="20221121 12:28:41.133" endtime="20221121 12:28:41.213"/>
</kw>
<status status="PASS" starttime="20221121 12:28:40.923" endtime="20221121 12:28:41.214"/>
</kw>
<kw name="Remove Password field data" library="login_page">
<kw name="Press Keys" library="SeleniumLibrary">
<arg>${Password_field}</arg>
<arg>CTRL+A+DELETE</arg>
<doc>Simulates the user pressing key(s) to an element or on the active browser.</doc>
<msg timestamp="20221121 12:28:41.216" level="INFO">Sending key(s) ('CTRL+A+DELETE',) to xpath://input[@placeholder="Password"] element.</msg>
<msg timestamp="20221121 12:28:41.499" level="INFO">Pressing special key CONTROL down.</msg>
<msg timestamp="20221121 12:28:41.499" level="INFO">Sending key A</msg>
<msg timestamp="20221121 12:28:41.499" level="INFO">Pressing special key DELETE down.</msg>
<msg timestamp="20221121 12:28:41.500" level="INFO">Releasing special key CONTROL.</msg>
<msg timestamp="20221121 12:28:41.500" level="INFO">Releasing special key DELETE.</msg>
<status status="PASS" starttime="20221121 12:28:41.215" endtime="20221121 12:28:41.537"/>
</kw>
<status status="PASS" starttime="20221121 12:28:41.214" endtime="20221121 12:28:41.538"/>
</kw>
<kw name="Click on Sign-in Button" library="login_page">
<kw name="Click Element" library="SeleniumLibrary">
<arg>${Login_Button}</arg>
<doc>Click the element identified by ``locator``.</doc>
<msg timestamp="20221121 12:28:41.541" level="INFO">Clicking element 'xpath://button[@class='btn btn-primary full-width']'.</msg>
<status status="PASS" starttime="20221121 12:28:41.540" endtime="20221121 12:28:41.600"/>
</kw>
<status status="PASS" starttime="20221121 12:28:41.539" endtime="20221121 12:28:41.600"/>
</kw>
<kw name="Error message for Password" library="login_page">
<msg timestamp="20221121 12:28:41.601" level="FAIL">Keyword 'login_page.Error message for Password' expected 1 argument, got 0.</msg>
<status status="FAIL" starttime="20221121 12:28:41.601" endtime="20221121 12:28:41.601"/>
</kw>
<kw name="Close Browser Session" library="General">
<status status="NOT RUN" starttime="20221121 12:28:41.601" endtime="20221121 12:28:41.601"/>
</kw>
<doc>TC-1:- Validate login functionality</doc>
<tag>Sanity</tag>
<status status="FAIL" starttime="20221121 12:28:22.089" endtime="20221121 12:28:41.602">Keyword 'login_page.Error message for Password' expected 1 argument, got 0.</status>
</test>
<test id="s1-t2" name="Verify SMVS_Global_page open successfully" line="30">
<kw name="Open SMVS Global URL - Linux" library="General">
<kw name="Open Browser" library="SeleniumLibrary">
<arg>${Global_URL}</arg>
<arg>${Browser}</arg>
<doc>Opens a new browser instance to the optional ``url``.</doc>
<msg timestamp="20221121 12:28:41.605" level="INFO">Opening browser 'chrome' to base url 'https://smvsweb.azurewebsites.net/UAT'.</msg>
<status status="PASS" starttime="20221121 12:28:41.605" endtime="20221121 12:28:54.243"/>
</kw>
<status status="PASS" starttime="20221121 12:28:41.604" endtime="20221121 12:28:54.244"/>
</kw>
<kw name="Enter Credentials for Username and Password" library="login_page">
<kw name="Element Should Be Visible" library="SeleniumLibrary">
<arg>${Username_field}</arg>
<doc>Verifies that the element identified by ``locator`` is visible.</doc>
<msg timestamp="20221121 12:28:54.353" level="INFO">Element 'xpath://input[@placeholder="User Name"]' is displayed.</msg>
<status status="PASS" starttime="20221121 12:28:54.247" endtime="20221121 12:28:54.354"/>
</kw>
<kw name="Element Should Be Enabled" library="SeleniumLibrary">
<arg>${Username_field}</arg>
<doc>Verifies that element identified by ``locator`` is enabled.</doc>
<status status="PASS" starttime="20221121 12:28:54.354" endtime="20221121 12:28:54.389"/>
</kw>
<kw name="Input Text" library="SeleniumLibrary">
<arg>${Username_field}</arg>
<arg>${Username}</arg>
<doc>Types the given ``text`` into the text field identified by ``locator``.</doc>
<msg timestamp="20221121 12:28:54.390" level="INFO">Typing text 'kjmaniyar' into text field 'xpath://input[@placeholder="User Name"]'.</msg>
<status status="PASS" starttime="20221121 12:28:54.390" endtime="20221121 12:28:54.479"/>
</kw>
<kw name="Element Should Be Visible" library="SeleniumLibrary">
<arg>${Password_field}</arg>
<doc>Verifies that the element identified by ``locator`` is visible.</doc>
<msg timestamp="20221121 12:28:54.501" level="INFO">Element 'xpath://input[@placeholder="Password"]' is displayed.</msg>
<status status="PASS" starttime="20221121 12:28:54.479" endtime="20221121 12:28:54.501"/>
</kw>
<kw name="Element Should Be Enabled" library="SeleniumLibrary">
<arg>${Password_field}</arg>
<doc>Verifies that element identified by ``locator`` is enabled.</doc>
<status status="PASS" starttime="20221121 12:28:54.501" endtime="20221121 12:28:54.524"/>
</kw>
<kw name="Input Text" library="SeleniumLibrary">
<arg>${Password_field}</arg>
<arg>${Password}</arg>
<doc>Types the given ``text`` into the text field identified by ``locator``.</doc>
<msg timestamp="20221121 12:28:54.525" level="INFO">Typing text 'KMGlobal1$' into text field 'xpath://input[@placeholder="Password"]'.</msg>
<status status="PASS" starttime="20221121 12:28:54.524" endtime="20221121 12:28:54.609"/>
</kw>
<status status="PASS" starttime="20221121 12:28:54.245" endtime="20221121 12:28:54.609"/>
</kw>
<kw name="Click on Sign-in Button" library="login_page">
<kw name="Click Element" library="SeleniumLibrary">
<arg>${Login_Button}</arg>
<doc>Click the element identified by ``locator``.</doc>
<msg timestamp="20221121 12:28:54.610" level="INFO">Clicking element 'xpath://button[@class='btn btn-primary full-width']'.</msg>
<status status="PASS" starttime="20221121 12:28:54.609" endtime="20221121 12:28:54.673"/>
</kw>
<status status="PASS" starttime="20221121 12:28:54.609" endtime="20221121 12:28:54.673"/>
</kw>
<kw name="Role Selection Page should be Open after loggin" library="login_page">
<kw name="Wait Until Element Is Visible" library="SeleniumLibrary">
<arg>${Role_Selection_text}</arg>
<doc>Waits until the element ``locator`` is visible.</doc>
<status status="PASS" starttime="20221121 12:28:54.673" endtime="20221121 12:28:56.547"/>
</kw>
<status status="PASS" starttime="20221121 12:28:54.673" endtime="20221121 12:28:56.548"/>
</kw>
<kw name="Close Browser Session" library="General">
<kw name="Close Browser" library="SeleniumLibrary">
<doc>Closes the current browser.</doc>
<status status="PASS" starttime="20221121 12:28:56.549" endtime="20221121 12:28:56.838"/>
</kw>
<status status="PASS" starttime="20221121 12:28:56.548" endtime="20221121 12:28:56.838"/>
</kw>
<doc>TC-2:- Validate login functionality</doc>
<tag>Sanity</tag>
<status status="PASS" starttime="20221121 12:28:41.603" endtime="20221121 12:28:56.838"/>
</test>
<doc>Login Functionality</doc>
<status status="FAIL" starttime="20221121 12:28:21.953" endtime="20221121 12:28:56.840"/>
</suite>
<statistics>
<total>
<stat pass="1" fail="1" skip="0">All Tests</stat>
</total>
<tag>
<stat pass="1" fail="1" skip="0">Sanity</stat>
</tag>
<suite>
<stat pass="1" fail="1" skip="0" id="s1" name="Login Page Testcase">Login Page Testcase</stat>
</suite>
</statistics>
<errors>
</errors>
</robot>
