<?xml version="1.0" encoding="UTF-8"?>
<robot generator="Robot 5.0.1 (Python 3.7.5 on linux)" generated="20221102 18:17:22.226" rpa="false" schemaversion="3">
<suite id="s1" name="Test Login Page TCs" source="/home/hemin/PycharmProjects/SMVS_Global/TestCases/Test_Login_Page_TCs.robot">
<test id="s1-t1" name="Verify SMVS_Global_page open successfully" line="13">
<kw name="Open SMVS Global URL - Linux" library="Generic">
<kw name="Open Browser" library="SeleniumLibrary">
<arg>${Global_URL}</arg>
<arg>${Browser}</arg>
<doc>Opens a new browser instance to the optional ``url``.</doc>
<msg timestamp="20221102 18:17:22.349" level="INFO">Opening browser 'chrome' to base url 'https://smvsweb.azurewebsites.net/UAT'.</msg>
<status status="PASS" starttime="20221102 18:17:22.348" endtime="20221102 18:17:29.650"/>
</kw>
<kw name="Maximize Browser Window" library="SeleniumLibrary">
<doc>Maximizes current browser window.</doc>
<status status="PASS" starttime="20221102 18:17:29.652" endtime="20221102 18:17:29.780"/>
</kw>
<status status="PASS" starttime="20221102 18:17:22.348" endtime="20221102 18:17:29.781"/>
</kw>
<kw name="Enter Credentials for Username and Password" library="login_page">
<kw name="Element Should Be Visible" library="SeleniumLibrary">
<arg>${Username_field}</arg>
<doc>Verifies that the element identified by ``locator`` is visible.</doc>
<msg timestamp="20221102 18:17:29.858" level="INFO">Element 'xpath://input[@placeholder="User Name"]' is displayed.</msg>
<status status="PASS" starttime="20221102 18:17:29.782" endtime="20221102 18:17:29.858"/>
</kw>
<kw name="Element Should Be Enabled" library="SeleniumLibrary">
<arg>${Username_field}</arg>
<doc>Verifies that element identified by ``locator`` is enabled.</doc>
<status status="PASS" starttime="20221102 18:17:29.858" endtime="20221102 18:17:29.903"/>
</kw>
<kw name="Input Text" library="SeleniumLibrary">
<arg>${Username_field}</arg>
<arg>${Username}</arg>
<doc>Types the given ``text`` into the text field identified by ``locator``.</doc>
<msg timestamp="20221102 18:17:29.905" level="INFO">Typing text 'kjmaniyar' into text field 'xpath://input[@placeholder="User Name"]'.</msg>
<status status="PASS" starttime="20221102 18:17:29.904" endtime="20221102 18:17:30.051"/>
</kw>
<kw name="Element Should Be Visible" library="SeleniumLibrary">
<arg>${Password_field}</arg>
<doc>Verifies that the element identified by ``locator`` is visible.</doc>
<msg timestamp="20221102 18:17:30.085" level="INFO">Element 'xpath://input[@placeholder="Password"]' is displayed.</msg>
<status status="PASS" starttime="20221102 18:17:30.051" endtime="20221102 18:17:30.085"/>
</kw>
<kw name="Element Should Be Enabled" library="SeleniumLibrary">
<arg>${Password_field}</arg>
<doc>Verifies that element identified by ``locator`` is enabled.</doc>
<status status="PASS" starttime="20221102 18:17:30.085" endtime="20221102 18:17:30.124"/>
</kw>
<kw name="Input Text" library="SeleniumLibrary">
<arg>${Password_field}</arg>
<arg>${Password}</arg>
<doc>Types the given ``text`` into the text field identified by ``locator``.</doc>
<msg timestamp="20221102 18:17:30.125" level="INFO">Typing text 'KMGlobal1$' into text field 'xpath://input[@placeholder="Password"]'.</msg>
<status status="PASS" starttime="20221102 18:17:30.124" endtime="20221102 18:17:30.256"/>
</kw>
<status status="PASS" starttime="20221102 18:17:29.781" endtime="20221102 18:17:30.256"/>
</kw>
<kw name="Click on Sign-in Button" library="login_page">
<kw name="Click Element" library="SeleniumLibrary">
<arg>${Login_Button}</arg>
<doc>Click the element identified by ``locator``.</doc>
<msg timestamp="20221102 18:17:30.258" level="INFO">Clicking element 'xpath://button[@class='btn btn-primary full-width']'.</msg>
<status status="PASS" starttime="20221102 18:17:30.257" endtime="20221102 18:17:30.325"/>
</kw>
<status status="PASS" starttime="20221102 18:17:30.257" endtime="20221102 18:17:30.325"/>
</kw>
<kw name="Close Browser Session" library="Generic">
<kw name="Close Browser" library="SeleniumLibrary">
<doc>Closes the current browser.</doc>
<status status="PASS" starttime="20221102 18:17:30.325" endtime="20221102 18:17:30.387"/>
</kw>
<status status="PASS" starttime="20221102 18:17:30.325" endtime="20221102 18:17:30.387"/>
</kw>
<doc>TC-1:- Validate login functionality</doc>
<tag>Sanity</tag>
<status status="PASS" starttime="20221102 18:17:22.347" endtime="20221102 18:17:30.388"/>
</test>
<doc>Login Functionality</doc>
<status status="PASS" starttime="20221102 18:17:22.227" endtime="20221102 18:17:30.389"/>
</suite>
<statistics>
<total>
<stat pass="1" fail="0" skip="0">All Tests</stat>
</total>
<tag>
<stat pass="1" fail="0" skip="0">Sanity</stat>
</tag>
<suite>
<stat pass="1" fail="0" skip="0" id="s1" name="Test Login Page TCs">Test Login Page TCs</stat>
</suite>
</statistics>
<errors>
</errors>
</robot>
