<?xml version="1.0" encoding="UTF-8"?>
<robot generator="Robot 5.0.1 (Python 3.7.5 on linux)" generated="20221121 12:58:10.844" rpa="false" schemaversion="3">
<suite id="s1" name="Login Page Testcase" source="/home/hemin/PycharmProjects/SMVS_Global/TestCases/Login_Page_Testcase.robot">
<test id="s1-t1" name="Verify Username Error Message" line="20">
<kw name="Open SMVS Global URL - Linux" library="General">
<kw name="Open Browser" library="SeleniumLibrary">
<arg>${Global_URL}</arg>
<arg>${Browser}</arg>
<doc>Opens a new browser instance to the optional ``url``.</doc>
<msg timestamp="20221121 12:58:11.002" level="INFO">Opening browser 'chrome' to base url 'https://smvsweb.azurewebsites.net/UAT'.</msg>
<status status="PASS" starttime="20221121 12:58:11.001" endtime="20221121 12:58:17.675"/>
</kw>
<status status="PASS" starttime="20221121 12:58:11.001" endtime="20221121 12:58:17.679"/>
</kw>
<kw name="Enter Credentials for Username and Password" library="login_page">
<kw name="Element Should Be Visible" library="SeleniumLibrary">
<arg>${Username_field}</arg>
<doc>Verifies that the element identified by ``locator`` is visible.</doc>
<msg timestamp="20221121 12:58:17.786" level="INFO">Element 'xpath://input[@placeholder="User Name"]' is displayed.</msg>
<status status="PASS" starttime="20221121 12:58:17.682" endtime="20221121 12:58:17.787"/>
</kw>
<kw name="Element Should Be Enabled" library="SeleniumLibrary">
<arg>${Username_field}</arg>
<doc>Verifies that element identified by ``locator`` is enabled.</doc>
<status status="PASS" starttime="20221121 12:58:17.787" endtime="20221121 12:58:17.825"/>
</kw>
<kw name="Input Text" library="SeleniumLibrary">
<arg>${Username_field}</arg>
<arg>${Username}</arg>
<doc>Types the given ``text`` into the text field identified by ``locator``.</doc>
<msg timestamp="20221121 12:58:17.825" level="INFO">Typing text 'kjmaniyar' into text field 'xpath://input[@placeholder="User Name"]'.</msg>
<status status="PASS" starttime="20221121 12:58:17.825" endtime="20221121 12:58:17.920"/>
</kw>
<kw name="Element Should Be Visible" library="SeleniumLibrary">
<arg>${Password_field}</arg>
<doc>Verifies that the element identified by ``locator`` is visible.</doc>
<msg timestamp="20221121 12:58:17.947" level="INFO">Element 'xpath://input[@placeholder="Password"]' is displayed.</msg>
<status status="PASS" starttime="20221121 12:58:17.920" endtime="20221121 12:58:17.947"/>
</kw>
<kw name="Element Should Be Enabled" library="SeleniumLibrary">
<arg>${Password_field}</arg>
<doc>Verifies that element identified by ``locator`` is enabled.</doc>
<status status="PASS" starttime="20221121 12:58:17.947" endtime="20221121 12:58:17.977"/>
</kw>
<kw name="Input Text" library="SeleniumLibrary">
<arg>${Password_field}</arg>
<arg>${Password}</arg>
<doc>Types the given ``text`` into the text field identified by ``locator``.</doc>
<msg timestamp="20221121 12:58:17.978" level="INFO">Typing text 'KMGlobal1$' into text field 'xpath://input[@placeholder="Password"]'.</msg>
<status status="PASS" starttime="20221121 12:58:17.977" endtime="20221121 12:58:18.084"/>
</kw>
<status status="PASS" starttime="20221121 12:58:17.680" endtime="20221121 12:58:18.084"/>
</kw>
<kw name="Remove Username field data" library="login_page">
<kw name="Press Keys" library="SeleniumLibrary">
<arg>${Username_field}</arg>
<arg>CTRL+A+DELETE</arg>
<doc>Simulates the user pressing key(s) to an element or on the active browser.</doc>
<msg timestamp="20221121 12:58:18.085" level="INFO">Sending key(s) ('CTRL+A+DELETE',) to xpath://input[@placeholder="User Name"] element.</msg>
<msg timestamp="20221121 12:58:18.432" level="INFO">Pressing special key CONTROL down.</msg>
<msg timestamp="20221121 12:58:18.432" level="INFO">Sending key A</msg>
<msg timestamp="20221121 12:58:18.434" level="INFO">Pressing special key DELETE down.</msg>
<msg timestamp="20221121 12:58:18.434" level="INFO">Releasing special key CONTROL.</msg>
<msg timestamp="20221121 12:58:18.434" level="INFO">Releasing special key DELETE.</msg>
<status status="PASS" starttime="20221121 12:58:18.085" endtime="20221121 12:58:18.455"/>
</kw>
<status status="PASS" starttime="20221121 12:58:18.084" endtime="20221121 12:58:18.455"/>
</kw>
<kw name="Click on Sign-in Button" library="login_page">
<kw name="Click Element" library="SeleniumLibrary">
<arg>${Login_Button}</arg>
<doc>Click the element identified by ``locator``.</doc>
<msg timestamp="20221121 12:58:18.456" level="INFO">Clicking element 'xpath://button[@class='btn btn-primary full-width']'.</msg>
<status status="PASS" starttime="20221121 12:58:18.456" endtime="20221121 12:58:18.526"/>
</kw>
<status status="PASS" starttime="20221121 12:58:18.456" endtime="20221121 12:58:18.526"/>
</kw>
<kw name="Error message for Username" library="login_page">
<kw name="Element Text Should Be" library="SeleniumLibrary">
<arg>${username_field_error_message}</arg>
<arg>User Name is mandatory.</arg>
<doc>Verifies that element ``locator`` contains exact the text ``expected``.</doc>
<msg timestamp="20221121 12:58:18.528" level="INFO">Verifying element 'xpath://div[@class='messages text-danger error text-left']' contains exact text 'User Name is mandatory.'.</msg>
<status status="PASS" starttime="20221121 12:58:18.527" endtime="20221121 12:58:18.572"/>
</kw>
<status status="PASS" starttime="20221121 12:58:18.527" endtime="20221121 12:58:18.573"/>
</kw>
<kw name="Close Browser Session" library="General">
<kw name="Close Browser" library="SeleniumLibrary">
<doc>Closes the current browser.</doc>
<status status="PASS" starttime="20221121 12:58:18.574" endtime="20221121 12:58:18.653"/>
</kw>
<status status="PASS" starttime="20221121 12:58:18.573" endtime="20221121 12:58:18.654"/>
</kw>
<tag>Sanity</tag>
<status status="PASS" starttime="20221121 12:58:11.000" endtime="20221121 12:58:18.655"/>
</test>
<test id="s1-t2" name="Verify Password Error Message" line="30">
<kw name="Open SMVS Global URL - Linux" library="General">
<kw name="Open Browser" library="SeleniumLibrary">
<arg>${Global_URL}</arg>
<arg>${Browser}</arg>
<doc>Opens a new browser instance to the optional ``url``.</doc>
<msg timestamp="20221121 12:58:18.668" level="INFO">Opening browser 'chrome' to base url 'https://smvsweb.azurewebsites.net/UAT'.</msg>
<status status="PASS" starttime="20221121 12:58:18.667" endtime="20221121 12:58:26.339"/>
</kw>
<status status="PASS" starttime="20221121 12:58:18.666" endtime="20221121 12:58:26.341"/>
</kw>
<kw name="Enter Credentials for Username and Password" library="login_page">
<kw name="Element Should Be Visible" library="SeleniumLibrary">
<arg>${Username_field}</arg>
<doc>Verifies that the element identified by ``locator`` is visible.</doc>
<msg timestamp="20221121 12:58:26.421" level="INFO">Element 'xpath://input[@placeholder="User Name"]' is displayed.</msg>
<status status="PASS" starttime="20221121 12:58:26.345" endtime="20221121 12:58:26.421"/>
</kw>
<kw name="Element Should Be Enabled" library="SeleniumLibrary">
<arg>${Username_field}</arg>
<doc>Verifies that element identified by ``locator`` is enabled.</doc>
<status status="PASS" starttime="20221121 12:58:26.421" endtime="20221121 12:58:26.458"/>
</kw>
<kw name="Input Text" library="SeleniumLibrary">
<arg>${Username_field}</arg>
<arg>${Username}</arg>
<doc>Types the given ``text`` into the text field identified by ``locator``.</doc>
<msg timestamp="20221121 12:58:26.459" level="INFO">Typing text 'kjmaniyar' into text field 'xpath://input[@placeholder="User Name"]'.</msg>
<status status="PASS" starttime="20221121 12:58:26.458" endtime="20221121 12:58:26.544"/>
</kw>
<kw name="Element Should Be Visible" library="SeleniumLibrary">
<arg>${Password_field}</arg>
<doc>Verifies that the element identified by ``locator`` is visible.</doc>
<msg timestamp="20221121 12:58:26.570" level="INFO">Element 'xpath://input[@placeholder="Password"]' is displayed.</msg>
<status status="PASS" starttime="20221121 12:58:26.544" endtime="20221121 12:58:26.570"/>
</kw>
<kw name="Element Should Be Enabled" library="SeleniumLibrary">
<arg>${Password_field}</arg>
<doc>Verifies that element identified by ``locator`` is enabled.</doc>
<status status="PASS" starttime="20221121 12:58:26.570" endtime="20221121 12:58:26.595"/>
</kw>
<kw name="Input Text" library="SeleniumLibrary">
<arg>${Password_field}</arg>
<arg>${Password}</arg>
<doc>Types the given ``text`` into the text field identified by ``locator``.</doc>
<msg timestamp="20221121 12:58:26.596" level="INFO">Typing text 'KMGlobal1$' into text field 'xpath://input[@placeholder="Password"]'.</msg>
<status status="PASS" starttime="20221121 12:58:26.596" endtime="20221121 12:58:26.682"/>
</kw>
<status status="PASS" starttime="20221121 12:58:26.342" endtime="20221121 12:58:26.682"/>
</kw>
<kw name="Remove Password field data" library="login_page">
<kw name="Press Keys" library="SeleniumLibrary">
<arg>${Password_field}</arg>
<arg>CTRL+A+DELETE</arg>
<doc>Simulates the user pressing key(s) to an element or on the active browser.</doc>
<msg timestamp="20221121 12:58:26.684" level="INFO">Sending key(s) ('CTRL+A+DELETE',) to xpath://input[@placeholder="Password"] element.</msg>
<msg timestamp="20221121 12:58:26.977" level="INFO">Pressing special key CONTROL down.</msg>
<msg timestamp="20221121 12:58:26.978" level="INFO">Sending key A</msg>
<msg timestamp="20221121 12:58:26.978" level="INFO">Pressing special key DELETE down.</msg>
<msg timestamp="20221121 12:58:26.978" level="INFO">Releasing special key CONTROL.</msg>
<msg timestamp="20221121 12:58:26.978" level="INFO">Releasing special key DELETE.</msg>
<status status="PASS" starttime="20221121 12:58:26.683" endtime="20221121 12:58:27.012"/>
</kw>
<status status="PASS" starttime="20221121 12:58:26.682" endtime="20221121 12:58:27.013"/>
</kw>
<kw name="Click on Sign-in Button" library="login_page">
<kw name="Click Element" library="SeleniumLibrary">
<arg>${Login_Button}</arg>
<doc>Click the element identified by ``locator``.</doc>
<msg timestamp="20221121 12:58:27.014" level="INFO">Clicking element 'xpath://button[@class='btn btn-primary full-width']'.</msg>
<status status="PASS" starttime="20221121 12:58:27.014" endtime="20221121 12:58:27.066"/>
</kw>
<status status="PASS" starttime="20221121 12:58:27.013" endtime="20221121 12:58:27.067"/>
</kw>
<kw name="Error message for Password" library="login_page">
<kw name="Element Text Should Be" library="SeleniumLibrary">
<arg>${password_field_error_message}</arg>
<arg>Password is mandatory.</arg>
<doc>Verifies that element ``locator`` contains exact the text ``expected``.</doc>
<msg timestamp="20221121 12:58:27.068" level="INFO">Verifying element 'xpath://div[@class='messages text-danger error text-left']' contains exact text 'Password is mandatory.'.</msg>
<status status="PASS" starttime="20221121 12:58:27.067" endtime="20221121 12:58:27.094"/>
</kw>
<status status="PASS" starttime="20221121 12:58:27.067" endtime="20221121 12:58:27.094"/>
</kw>
<kw name="Close Browser Session" library="General">
<kw name="Close Browser" library="SeleniumLibrary">
<doc>Closes the current browser.</doc>
<status status="PASS" starttime="20221121 12:58:27.094" endtime="20221121 12:58:28.212"/>
</kw>
<status status="PASS" starttime="20221121 12:58:27.094" endtime="20221121 12:58:28.213"/>
</kw>
<tag>Sanity</tag>
<status status="PASS" starttime="20221121 12:58:18.657" endtime="20221121 12:58:28.214"/>
</test>
<test id="s1-t3" name="Verify SMVS_Global_page open successfully" line="40">
<kw name="Open SMVS Global URL - Linux" library="General">
<kw name="Open Browser" library="SeleniumLibrary">
<arg>${Global_URL}</arg>
<arg>${Browser}</arg>
<doc>Opens a new browser instance to the optional ``url``.</doc>
<msg timestamp="20221121 12:58:28.218" level="INFO">Opening browser 'chrome' to base url 'https://smvsweb.azurewebsites.net/UAT'.</msg>
<status status="PASS" starttime="20221121 12:58:28.217" endtime="20221121 12:58:38.165"/>
</kw>
<status status="PASS" starttime="20221121 12:58:28.216" endtime="20221121 12:58:38.165"/>
</kw>
<kw name="Enter Credentials for Username and Password" library="login_page">
<kw name="Element Should Be Visible" library="SeleniumLibrary">
<arg>${Username_field}</arg>
<doc>Verifies that the element identified by ``locator`` is visible.</doc>
<msg timestamp="20221121 12:58:38.220" level="INFO">Element 'xpath://input[@placeholder="User Name"]' is displayed.</msg>
<status status="PASS" starttime="20221121 12:58:38.167" endtime="20221121 12:58:38.221"/>
</kw>
<kw name="Element Should Be Enabled" library="SeleniumLibrary">
<arg>${Username_field}</arg>
<doc>Verifies that element identified by ``locator`` is enabled.</doc>
<status status="PASS" starttime="20221121 12:58:38.221" endtime="20221121 12:58:38.273"/>
</kw>
<kw name="Input Text" library="SeleniumLibrary">
<arg>${Username_field}</arg>
<arg>${Username}</arg>
<doc>Types the given ``text`` into the text field identified by ``locator``.</doc>
<msg timestamp="20221121 12:58:38.274" level="INFO">Typing text 'kjmaniyar' into text field 'xpath://input[@placeholder="User Name"]'.</msg>
<status status="PASS" starttime="20221121 12:58:38.273" endtime="20221121 12:58:38.386"/>
</kw>
<kw name="Element Should Be Visible" library="SeleniumLibrary">
<arg>${Password_field}</arg>
<doc>Verifies that the element identified by ``locator`` is visible.</doc>
<msg timestamp="20221121 12:58:38.422" level="INFO">Element 'xpath://input[@placeholder="Password"]' is displayed.</msg>
<status status="PASS" starttime="20221121 12:58:38.386" endtime="20221121 12:58:38.422"/>
</kw>
<kw name="Element Should Be Enabled" library="SeleniumLibrary">
<arg>${Password_field}</arg>
<doc>Verifies that element identified by ``locator`` is enabled.</doc>
<status status="PASS" starttime="20221121 12:58:38.422" endtime="20221121 12:58:38.456"/>
</kw>
<kw name="Input Text" library="SeleniumLibrary">
<arg>${Password_field}</arg>
<arg>${Password}</arg>
<doc>Types the given ``text`` into the text field identified by ``locator``.</doc>
<msg timestamp="20221121 12:58:38.457" level="INFO">Typing text 'KMGlobal1$' into text field 'xpath://input[@placeholder="Password"]'.</msg>
<status status="PASS" starttime="20221121 12:58:38.456" endtime="20221121 12:58:38.573"/>
</kw>
<status status="PASS" starttime="20221121 12:58:38.166" endtime="20221121 12:58:38.573"/>
</kw>
<kw name="Click on Sign-in Button" library="login_page">
<kw name="Click Element" library="SeleniumLibrary">
<arg>${Login_Button}</arg>
<doc>Click the element identified by ``locator``.</doc>
<msg timestamp="20221121 12:58:38.574" level="INFO">Clicking element 'xpath://button[@class='btn btn-primary full-width']'.</msg>
<status status="PASS" starttime="20221121 12:58:38.574" endtime="20221121 12:58:38.657"/>
</kw>
<status status="PASS" starttime="20221121 12:58:38.574" endtime="20221121 12:58:38.657"/>
</kw>
<kw name="Role Selection Page should be Open after loggin" library="login_page">
<kw name="Wait Until Element Is Visible" library="SeleniumLibrary">
<arg>${Role_Selection_text}</arg>
<doc>Waits until the element ``locator`` is visible.</doc>
<status status="PASS" starttime="20221121 12:58:38.658" endtime="20221121 12:58:40.246"/>
</kw>
<status status="PASS" starttime="20221121 12:58:38.657" endtime="20221121 12:58:40.246"/>
</kw>
<kw name="Close Browser Session" library="General">
<kw name="Close Browser" library="SeleniumLibrary">
<doc>Closes the current browser.</doc>
<status status="PASS" starttime="20221121 12:58:40.247" endtime="20221121 12:58:40.429"/>
</kw>
<status status="PASS" starttime="20221121 12:58:40.246" endtime="20221121 12:58:40.429"/>
</kw>
<tag>Sanity</tag>
<status status="PASS" starttime="20221121 12:58:28.215" endtime="20221121 12:58:40.430"/>
</test>
<doc>Login Functionality</doc>
<status status="PASS" starttime="20221121 12:58:10.844" endtime="20221121 12:58:40.434"/>
</suite>
<statistics>
<total>
<stat pass="3" fail="0" skip="0">All Tests</stat>
</total>
<tag>
<stat pass="3" fail="0" skip="0">Sanity</stat>
</tag>
<suite>
<stat pass="3" fail="0" skip="0" id="s1" name="Login Page Testcase">Login Page Testcase</stat>
</suite>
</statistics>
<errors>
</errors>
</robot>
